<?xml version="1.0" encoding="UTF-8"?>
<testsuite xmlns:xsi="http://www.w3.org/2001/XMLSchema-instance" xsi:noNamespaceSchemaLocation="https://maven.apache.org/surefire/maven-surefire-plugin/xsd/surefire-test-report.xsd" name="com.dummy.myerp.model.bean.comptabilite.EcritureComptableTest" time="0.005" tests="8" errors="0" skipped="0" failures="0">
  <properties>
[...]
</properties>
  <testcase name="testGetTotalDebitEmptyOrNoIncomeDebitReturnZero" classname="com.dummy.myerp.model.bean.comptabilite.EcritureComptableTest" time="0"/>
  <testcase name="testGetTotalDebitMultipleDebitReturnDebit" classname="com.dummy.myerp.model.bean.comptabilite.EcritureComptableTest" time="0"/>
  <testcase name="testGetTotalCreditOneCreditReturnCrebit" classname="com.dummy.myerp.model.bean.comptabilite.EcritureComptableTest" time="0"/>
  <testcase name="testGetTotalCreditMultipleCreditReturnCrebit" classname="com.dummy.myerp.model.bean.comptabilite.EcritureComptableTest" time="0"/>
  <testcase name="toStringTest" classname="com.dummy.myerp.model.bean.comptabilite.EcritureComptableTest" time="0.004"/>
  <testcase name="testGetTotalCreditEmptyOrNoIncomeCreditReturnZero" classname="com.dummy.myerp.model.bean.comptabilite.EcritureComptableTest" time="0"/>
  <testcase name="testGetTotalDebitOneDebitReturnDebit" classname="com.dummy.myerp.model.bean.comptabilite.EcritureComptableTest" time="0"/>
  <testcase name="isEquilibree" classname="com.dummy.myerp.model.bean.comptabilite.EcritureComptableTest" time="0"/>
</testsuite>