GROUP,PACKAGE,CLASS,INSTRUCTION_MISSED,INSTRUCTION_COVERED,BRANCH_MISSED,BRANCH_COVERED,LINE_MISSED,LINE_COVERED,COMPLEXITY_MISSED,COMPLEXITY_COVERED,METHOD_MISSED,METHOD_COVERED
myerp-business,com.dummy.myerp.business.impl.manager,ComptabiliteManagerImpl,23,371,3,33,8,88,6,23,3,8
myerp-business,com.dummy.myerp.business.impl,BusinessProxyImpl,12,21,2,0,4,7,3,3,2,3
myerp-business,com.dummy.myerp.business.impl,TransactionManager,28,12,4,0,11,5,6,3,4,3
myerp-business,com.dummy.myerp.business.impl,AbstractBusinessManager,2,25,0,0,1,11,1,5,1,5
